  源.cpp
D:\ideal-spoon\螺旋矩阵\螺旋矩阵\源.cpp(14,12): warning C4477: “scanf_s”: 格式字符串“%d”需要类型“int *”的参数，但可变参数 1 拥有了类型“int”
D:\ideal-spoon\螺旋矩阵\螺旋矩阵\源.cpp(17,18): error C2062: 意外的类型“int”
D:\ideal-spoon\螺旋矩阵\螺旋矩阵\源.cpp(17,43): error C2065: “z”: 未声明的标识符
D:\ideal-spoon\螺旋矩阵\螺旋矩阵\源.cpp(17,62): error C2065: “z”: 未声明的标识符
D:\ideal-spoon\螺旋矩阵\螺旋矩阵\源.cpp(17,65): error C2059: 语法错误:“)”
D:\ideal-spoon\螺旋矩阵\螺旋矩阵\源.cpp(19,3): error C2059: 语法错误:“for”
D:\ideal-spoon\螺旋矩阵\螺旋矩阵\源.cpp(19,3): error C2143: 语法错误: 缺少“)”(在“;”的前面)
D:\ideal-spoon\螺旋矩阵\螺旋矩阵\源.cpp(19,19): error C2065: “i”: 未声明的标识符
D:\ideal-spoon\螺旋矩阵\螺旋矩阵\源.cpp(19,33): error C2065: “i”: 未声明的标识符
D:\ideal-spoon\螺旋矩阵\螺旋矩阵\源.cpp(19,36): error C2059: 语法错误:“)”
D:\ideal-spoon\螺旋矩阵\螺旋矩阵\源.cpp(21,33): error C2065: “i”: 未声明的标识符
D:\ideal-spoon\螺旋矩阵\螺旋矩阵\源.cpp(21,11): warning C4473: “printf”: 没有为格式字符串传递足够的参数
D:\ideal-spoon\螺旋矩阵\螺旋矩阵\源.cpp(21,11): message : 占位符和其参数预计 1 可变参数，但提供的却是 0 参数
D:\ideal-spoon\螺旋矩阵\螺旋矩阵\源.cpp(21,11): message : 缺失的可变参数 1 为格式字符串“%d”所需
D:\ideal-spoon\螺旋矩阵\螺旋矩阵\源.cpp(21,36): error C2059: 语法错误:“;”
D:\ideal-spoon\螺旋矩阵\螺旋矩阵\源.cpp(23,3): error C2059: 语法错误:“for”
D:\ideal-spoon\螺旋矩阵\螺旋矩阵\源.cpp(23,3): error C2143: 语法错误: 缺少“)”(在“;”的前面)
D:\ideal-spoon\螺旋矩阵\螺旋矩阵\源.cpp(23,23): error C2143: 语法错误: 缺少“;”(在“<”的前面)
D:\ideal-spoon\螺旋矩阵\螺旋矩阵\源.cpp(23,23): error C4430: 缺少类型说明符 - 假定为 int。注意: C++ 不支持默认 int
D:\ideal-spoon\螺旋矩阵\螺旋矩阵\源.cpp(23,40): error C2143: 语法错误: 缺少“;”(在“++”的前面)
D:\ideal-spoon\螺旋矩阵\螺旋矩阵\源.cpp(23,40): error C4430: 缺少类型说明符 - 假定为 int。注意: C++ 不支持默认 int
D:\ideal-spoon\螺旋矩阵\螺旋矩阵\源.cpp(23,39): error C2086: “int i”: 重定义
D:\ideal-spoon\螺旋矩阵\螺旋矩阵\源.cpp(23): message : 参见“i”的声明
D:\ideal-spoon\螺旋矩阵\螺旋矩阵\源.cpp(23,42): error C2059: 语法错误:“)”
D:\ideal-spoon\螺旋矩阵\螺旋矩阵\源.cpp(24,3): error C2143: 语法错误: 缺少“;”(在“{”的前面)
D:\ideal-spoon\螺旋矩阵\螺旋矩阵\源.cpp(24,3): error C2447: “{”: 缺少函数标题(是否是老式的形式表?)
D:\ideal-spoon\螺旋矩阵\螺旋矩阵\源.cpp(27,3): error C2059: 语法错误:“for”
D:\ideal-spoon\螺旋矩阵\螺旋矩阵\源.cpp(27,3): error C2143: 语法错误: 缺少“)”(在“;”的前面)
D:\ideal-spoon\螺旋矩阵\螺旋矩阵\源.cpp(27,27): error C2143: 语法错误: 缺少“;”(在“>=”的前面)
D:\ideal-spoon\螺旋矩阵\螺旋矩阵\源.cpp(27,27): error C4430: 缺少类型说明符 - 假定为 int。注意: C++ 不支持默认 int
D:\ideal-spoon\螺旋矩阵\螺旋矩阵\源.cpp(27,25): error C2086: “int i”: 重定义
D:\ideal-spoon\螺旋矩阵\螺旋矩阵\源.cpp(23): message : 参见“i”的声明
D:\ideal-spoon\螺旋矩阵\螺旋矩阵\源.cpp(27,34): error C2143: 语法错误: 缺少“;”(在“--”的前面)
D:\ideal-spoon\螺旋矩阵\螺旋矩阵\源.cpp(27,34): error C4430: 缺少类型说明符 - 假定为 int。注意: C++ 不支持默认 int
D:\ideal-spoon\螺旋矩阵\螺旋矩阵\源.cpp(27,33): error C2086: “int i”: 重定义
D:\ideal-spoon\螺旋矩阵\螺旋矩阵\源.cpp(23): message : 参见“i”的声明
D:\ideal-spoon\螺旋矩阵\螺旋矩阵\源.cpp(27,36): error C2059: 语法错误:“)”
D:\ideal-spoon\螺旋矩阵\螺旋矩阵\源.cpp(28,3): error C2143: 语法错误: 缺少“;”(在“{”的前面)
D:\ideal-spoon\螺旋矩阵\螺旋矩阵\源.cpp(28,3): error C2447: “{”: 缺少函数标题(是否是老式的形式表?)
D:\ideal-spoon\螺旋矩阵\螺旋矩阵\源.cpp(31,2): error C2059: 语法错误:“}”
D:\ideal-spoon\螺旋矩阵\螺旋矩阵\源.cpp(31,2): error C2143: 语法错误: 缺少“;”(在“}”的前面)
D:\ideal-spoon\螺旋矩阵\螺旋矩阵\源.cpp(33,1): error C2059: 语法错误:“}”
D:\ideal-spoon\螺旋矩阵\螺旋矩阵\源.cpp(33,1): error C2143: 语法错误: 缺少“;”(在“}”的前面)
